This is XeTeX, Version 3.14159265-2.6-0.99999 (TeX Live 2018/W32TeX) (preloaded format=xelatex 2019.12.14)  19 JAN 2023 21:52
entering extended mode
 restricted \write18 enabled.
 %&-line parsing enabled.
**icphs2023_mongolian_writeup.tex
(./icphs2023_mongolian_writeup.tex
LaTeX2e <2018-04-01> patch level 2
Babel <3.18> and hyphenation patterns for 84 language(s) loaded.
(c:/texlive/2018/texmf-dist/tex/latex/base/article.cls
Document Class: article 2014/09/29 v1.4h Standard LaTeX document class
(c:/texlive/2018/texmf-dist/tex/latex/base/size11.clo
File: size11.clo 2014/09/29 v1.4h Standard LaTeX file (size option)
)
\c@part=\count80
\c@section=\count81
\c@subsection=\count82
\c@subsubsection=\count83
\c@paragraph=\count84
\c@subparagraph=\count85
\c@figure=\count86
\c@table=\count87
\abovecaptionskip=\skip41
\belowcaptionskip=\skip42
\bibindent=\dimen102
) (./icphs2023.sty
(c:/texlive/2018/texmf-dist/tex/generic/ifxetex/ifxetex.sty
Package: ifxetex 2010/09/12 v0.6 Provides ifxetex conditional
)
(c:/texlive/2018/texmf-dist/tex/latex/xltxtra/xltxtra.sty
Package: xltxtra 2016/01/21 v0.6 Improvements for the "XeLaTeX" format

(c:/texlive/2018/texmf-dist/tex/generic/oberdiek/ifluatex.sty
Package: ifluatex 2016/05/16 v1.4 Provides the ifluatex switch (HO)
Package ifluatex Info: LuaTeX not detected.
)
(c:/texlive/2018/texmf-dist/tex/latex/fontspec/fontspec.sty
(c:/texlive/2018/texmf-dist/tex/latex/l3packages/xparse/xparse.sty
(c:/texlive/2018/texmf-dist/tex/latex/l3kernel/expl3.sty
Package: expl3 2018/03/05 L3 programming layer (loader) 

(c:/texlive/2018/texmf-dist/tex/latex/l3kernel/expl3-code.tex
Package: expl3 2018/03/05 L3 programming layer (code)
\c_max_int=\count88
\l_tmpa_int=\count89
\l_tmpb_int=\count90
\g_tmpa_int=\count91
\g_tmpb_int=\count92
\g__intarray_font_int=\count93
\g__prg_map_int=\count94
\c_log_iow=\count95
\l_iow_line_count_int=\count96
\l__iow_line_target_int=\count97
\l__iow_one_indent_int=\count98
\l__iow_indent_int=\count99
\c_zero_dim=\dimen103
\c_max_dim=\dimen104
\l_tmpa_dim=\dimen105
\l_tmpb_dim=\dimen106
\g_tmpa_dim=\dimen107
\g_tmpb_dim=\dimen108
\c_zero_skip=\skip43
\c_max_skip=\skip44
\l_tmpa_skip=\skip45
\l_tmpb_skip=\skip46
\g_tmpa_skip=\skip47
\g_tmpb_skip=\skip48
\c_zero_muskip=\muskip10
\c_max_muskip=\muskip11
\l_tmpa_muskip=\muskip12
\l_tmpb_muskip=\muskip13
\g_tmpa_muskip=\muskip14
\g_tmpb_muskip=\muskip15
\l_keys_choice_int=\count100
\c__fp_leading_shift_int=\count101
\c__fp_middle_shift_int=\count102
\c__fp_trailing_shift_int=\count103
\c__fp_big_leading_shift_int=\count104
\c__fp_big_middle_shift_int=\count105
\c__fp_big_trailing_shift_int=\count106
\c__fp_Bigg_leading_shift_int=\count107
\c__fp_Bigg_middle_shift_int=\count108
\c__fp_Bigg_trailing_shift_int=\count109
\l__sort_length_int=\count110
\l__sort_min_int=\count111
\l__sort_top_int=\count112
\l__sort_max_int=\count113
\l__sort_true_max_int=\count114
\l__sort_block_int=\count115
\l__sort_begin_int=\count116
\l__sort_end_int=\count117
\l__sort_A_int=\count118
\l__sort_B_int=\count119
\l__sort_C_int=\count120
\l__tl_build_start_index_int=\count121
\l__tl_build_index_int=\count122
\l__tl_analysis_normal_int=\count123
\l__tl_analysis_index_int=\count124
\l__tl_analysis_nesting_int=\count125
\l__tl_analysis_type_int=\count126
\l__regex_internal_a_int=\count127
\l__regex_internal_b_int=\count128
\l__regex_internal_c_int=\count129
\l__regex_balance_int=\count130
\l__regex_group_level_int=\count131
\l__regex_mode_int=\count132
\c__regex_cs_in_class_mode_int=\count133
\c__regex_cs_mode_int=\count134
\l__regex_catcodes_int=\count135
\l__regex_default_catcodes_int=\count136
\c__regex_catcode_L_int=\count137
\c__regex_catcode_O_int=\count138
\c__regex_catcode_A_int=\count139
\c__regex_all_catcodes_int=\count140
\l__regex_show_lines_int=\count141
\l__regex_min_state_int=\count142
\l__regex_max_state_int=\count143
\l__regex_left_state_int=\count144
\l__regex_right_state_int=\count145
\l__regex_capturing_group_int=\count146
\l__regex_min_pos_int=\count147
\l__regex_max_pos_int=\count148
\l__regex_curr_pos_int=\count149
\l__regex_start_pos_int=\count150
\l__regex_success_pos_int=\count151
\l__regex_curr_char_int=\count152
\l__regex_curr_catcode_int=\count153
\l__regex_last_char_int=\count154
\l__regex_case_changed_char_int=\count155
\l__regex_curr_state_int=\count156
\l__regex_step_int=\count157
\l__regex_min_active_int=\count158
\l__regex_max_active_int=\count159
\l__regex_replacement_csnames_int=\count160
\l__regex_match_count_int=\count161
\l__regex_min_submatch_int=\count162
\l__regex_submatch_int=\count163
\l__regex_zeroth_submatch_int=\count164
\g__regex_trace_regex_int=\count165
\c_empty_box=\box26
\l_tmpa_box=\box27
\l_tmpb_box=\box28
\g_tmpa_box=\box29
\g_tmpb_box=\box30
\l__box_top_dim=\dimen109
\l__box_bottom_dim=\dimen110
\l__box_left_dim=\dimen111
\l__box_right_dim=\dimen112
\l__box_top_new_dim=\dimen113
\l__box_bottom_new_dim=\dimen114
\l__box_left_new_dim=\dimen115
\l__box_right_new_dim=\dimen116
\l__box_internal_box=\box31
\l__coffin_internal_box=\box32
\l__coffin_internal_dim=\dimen117
\l__coffin_offset_x_dim=\dimen118
\l__coffin_offset_y_dim=\dimen119
\l__coffin_x_dim=\dimen120
\l__coffin_y_dim=\dimen121
\l__coffin_x_prime_dim=\dimen122
\l__coffin_y_prime_dim=\dimen123
\c_empty_coffin=\box33
\l__coffin_aligned_coffin=\box34
\l__coffin_aligned_internal_coffin=\box35
\l_tmpa_coffin=\box36
\l_tmpb_coffin=\box37
\l__coffin_display_coffin=\box38
\l__coffin_display_coord_coffin=\box39
\l__coffin_display_pole_coffin=\box40
\l__coffin_display_offset_dim=\dimen124
\l__coffin_display_x_dim=\dimen125
\l__coffin_display_y_dim=\dimen126
\l__coffin_bounding_shift_dim=\dimen127
\l__coffin_left_corner_dim=\dimen128
\l__coffin_right_corner_dim=\dimen129
\l__coffin_bottom_corner_dim=\dimen130
\l__coffin_top_corner_dim=\dimen131
\l__coffin_scaled_total_height_dim=\dimen132
\l__coffin_scaled_width_dim=\dimen133
)
(c:/texlive/2018/texmf-dist/tex/latex/l3kernel/l3xdvipdfmx.def
File: l3xdvidpfmx.def 2017/03/18 v L3 Experimental driver: xdvipdfmx
\g__driver_image_int=\count166
))
Package: xparse 2018/02/21 L3 Experimental document command parser
\l__xparse_current_arg_int=\count167
\g__xparse_grabber_int=\count168
\l__xparse_m_args_int=\count169
\l__xparse_mandatory_args_int=\count170
\l__xparse_v_nesting_int=\count171
)
Package: fontspec 2017/11/09 v2.6g Font selection for XeLaTeX and LuaLaTeX

(c:/texlive/2018/texmf-dist/tex/latex/fontspec/fontspec-xetex.sty
Package: fontspec-xetex 2017/11/09 v2.6g Font selection for XeLaTeX and LuaLaTe
X
\l__fontspec_script_int=\count172
\l__fontspec_language_int=\count173
\l__fontspec_strnum_int=\count174
\l__fontspec_tmp_int=\count175
\l__fontspec_em_int=\count176
\l__fontspec_emdef_int=\count177
\l__fontspec_strong_int=\count178
\l__fontspec_strongdef_int=\count179
\l__fontspec_tmpa_dim=\dimen134
\l__fontspec_tmpb_dim=\dimen135
\l__fontspec_tmpc_dim=\dimen136
\g__file_internal_ior=\read1

(c:/texlive/2018/texmf-dist/tex/latex/base/fontenc.sty
Package: fontenc 2017/04/05 v2.0i Standard LaTeX package

(c:/texlive/2018/texmf-dist/tex/latex/base/tuenc.def
File: tuenc.def 2017/04/05 v2.0i Standard LaTeX file
LaTeX Font Info:    Redeclaring font encoding TU on input line 82.
))
.................................................
. LaTeX info: "xparse/define-command"
. 
. Defining command \fontspec with sig. 'O{}mO{}' on line 542.
.................................................
.................................................
. LaTeX info: "xparse/define-command"
. 
. Defining command \setmainfont with sig. 'O{}mO{}' on line 546.
.................................................
.................................................
. LaTeX info: "xparse/define-command"
. 
. Defining command \setsansfont with sig. 'O{}mO{}' on line 550.
.................................................
.................................................
. LaTeX info: "xparse/define-command"
. 
. Defining command \setmonofont with sig. 'O{}mO{}' on line 554.
.................................................
.................................................
. LaTeX info: "xparse/define-command"
. 
. Defining command \setmathrm with sig. 'O{}mO{}' on line 558.
.................................................
.................................................
. LaTeX info: "xparse/define-command"
. 
. Defining command \setboldmathrm with sig. 'O{}mO{}' on line 562.
.................................................
.................................................
. LaTeX info: "xparse/define-command"
. 
. Defining command \setmathsf with sig. 'O{}mO{}' on line 566.
.................................................
.................................................
. LaTeX info: "xparse/define-command"
. 
. Defining command \setmathtt with sig. 'O{}mO{}' on line 570.
.................................................
.................................................
. LaTeX info: "xparse/define-command"
. 
. Defining command \setromanfont with sig. 'O{}mO{}' on line 574.
.................................................
.................................................
. LaTeX info: "xparse/define-command"
. 
. Defining command \newfontfamily with sig. 'mO{}mO{}' on line 578.
.................................................
.................................................
. LaTeX info: "xparse/define-command"
. 
. Defining command \newfontface with sig. 'mO{}mO{}' on line 582.
.................................................
.................................................
. LaTeX info: "xparse/define-command"
. 
. Defining command \defaultfontfeatures with sig. 't+om' on line 586.
.................................................
.................................................
. LaTeX info: "xparse/define-command"
. 
. Defining command \addfontfeatures with sig. 'm' on line 590.
.................................................
.................................................
. LaTeX info: "xparse/define-command"
. 
. Defining command \addfontfeature with sig. 'm' on line 594.
.................................................
.................................................
. LaTeX info: "xparse/define-command"
. 
. Defining command \newfontfeature with sig. 'mm' on line 598.
.................................................
.................................................
. LaTeX info: "xparse/define-command"
. 
. Defining command \newAATfeature with sig. 'mmmm' on line 602.
.................................................
.................................................
. LaTeX info: "xparse/define-command"
. 
. Defining command \newopentypefeature with sig. 'mmm' on line 606.
.................................................
.................................................
. LaTeX info: "xparse/define-command"
. 
. Defining command \newICUfeature with sig. 'mmm' on line 610.
.................................................
.................................................
. LaTeX info: "xparse/define-command"
. 
. Defining command \aliasfontfeature with sig. 'mm' on line 614.
.................................................
.................................................
. LaTeX info: "xparse/define-command"
. 
. Defining command \aliasfontfeatureoption with sig. 'mmm' on line 618.
.................................................
.................................................
. LaTeX info: "xparse/define-command"
. 
. Defining command \newfontscript with sig. 'mm' on line 622.
.................................................
.................................................
. LaTeX info: "xparse/define-command"
. 
. Defining command \newfontlanguage with sig. 'mm' on line 626.
.................................................
.................................................
. LaTeX info: "xparse/define-command"
. 
. Defining command \DeclareFontsExtensions with sig. 'm' on line 630.
.................................................
.................................................
. LaTeX info: "xparse/define-command"
. 
. Defining command \IfFontFeatureActiveTF with sig. 'mmm' on line 634.
.................................................
.................................................
. LaTeX info: "xparse/define-command"
. 
. Defining command \EncodingCommand with sig. 'mO{}m' on line 3632.
.................................................
.................................................
. LaTeX info: "xparse/define-command"
. 
. Defining command \EncodingAccent with sig. 'mm' on line 3638.
.................................................
.................................................
. LaTeX info: "xparse/define-command"
. 
. Defining command \EncodingSymbol with sig. 'mm' on line 3644.
.................................................
.................................................
. LaTeX info: "xparse/define-command"
. 
. Defining command \EncodingComposite with sig. 'mmm' on line 3650.
.................................................
.................................................
. LaTeX info: "xparse/define-command"
. 
. Defining command \EncodingCompositeCommand with sig. 'mmm' on line 3656.
.................................................
.................................................
. LaTeX info: "xparse/define-command"
. 
. Defining command \DeclareUnicodeEncoding with sig. 'mm' on line 3681.
.................................................
.................................................
. LaTeX info: "xparse/define-command"
. 
. Defining command \UndeclareSymbol with sig. 'm' on line 3687.
.................................................
.................................................
. LaTeX info: "xparse/define-command"
. 
. Defining command \UndeclareAccent with sig. 'm' on line 3693.
.................................................
.................................................
. LaTeX info: "xparse/define-command"
. 
. Defining command \UndeclareCommand with sig. 'm' on line 3699.
.................................................
.................................................
. LaTeX info: "xparse/define-command"
. 
. Defining command \UndeclareComposite with sig. 'mm' on line 3706.
.................................................

(c:/texlive/2018/texmf-dist/tex/latex/fontspec/fontspec.cfg)
LaTeX Info: Redefining \itshape on input line 3891.
LaTeX Info: Redefining \slshape on input line 3896.
LaTeX Info: Redefining \scshape on input line 3901.
LaTeX Info: Redefining \upshape on input line 3906.
LaTeX Info: Redefining \em on input line 3936.
LaTeX Info: Redefining \emph on input line 3961.
LaTeX Info: Redefining \- on input line 4015.
.................................................
. LaTeX info: "xparse/redefine-command"
. 
. Redefining command \oldstylenums with sig. 'm' on line 4110.
.................................................
.................................................
. LaTeX info: "xparse/define-command"
. 
. Defining command \liningnums with sig. 'm' on line 4114.
.................................................
))
(c:/texlive/2018/texmf-dist/tex/latex/realscripts/realscripts.sty
Package: realscripts 2016/02/13 v0.3d Access OpenType subscripts and superscrip
ts
.................................................
. LaTeX info: "xparse/define-command"
. 
. Defining command \fakesubscript with sig. 'm' on line 19.
.................................................
.................................................
. LaTeX info: "xparse/define-command"
. 
. Defining command \fakesuperscript with sig. 'm' on line 22.
.................................................
.................................................
. LaTeX info: "xparse/redefine-command"
. 
. Redefining command \textsubscript with sig. 's' on line 25.
.................................................
.................................................
. LaTeX info: "xparse/redefine-command"
. 
. Redefining command \textsuperscript with sig. 's' on line 28.
.................................................
.................................................
. LaTeX info: "xparse/define-command"
. 
. Defining command \realsubscript with sig. 'm' on line 45.
.................................................
.................................................
. LaTeX info: "xparse/define-command"
. 
. Defining command \realsuperscript with sig. 'm' on line 60.
.................................................
.................................................
. LaTeX info: "xparse/define-command"
. 
. Defining command \textsubsuperscript with sig. 'sO{l}mm' on line 138.
.................................................
.................................................
. LaTeX info: "xparse/define-command"
. 
. Defining command \textsupersubscript with sig. 'sO{l}mm' on line 143.
.................................................
\subsupersep=\dimen137
)
(c:/texlive/2018/texmf-dist/tex/latex/metalogo/metalogo.sty
Package: metalogo 2010/05/29 v0.12 Extended TeX logo macros

(c:/texlive/2018/texmf-dist/tex/latex/graphics/graphicx.sty
Package: graphicx 2017/06/01 v1.1a Enhanced LaTeX Graphics (DPC,SPQR)

(c:/texlive/2018/texmf-dist/tex/latex/graphics/keyval.sty
Package: keyval 2014/10/28 v1.15 key=value parser (DPC)
\KV@toks@=\toks14
)
(c:/texlive/2018/texmf-dist/tex/latex/graphics/graphics.sty
Package: graphics 2017/06/25 v1.2c Standard LaTeX Graphics (DPC,SPQR)

(c:/texlive/2018/texmf-dist/tex/latex/graphics/trig.sty
Package: trig 2016/01/03 v1.10 sin cos tan (DPC)
)
(c:/texlive/2018/texmf-dist/tex/latex/graphics-cfg/graphics.cfg
File: graphics.cfg 2016/06/04 v1.11 sample graphics configuration
)
Package graphics Info: Driver file: xetex.def on input line 99.

(c:/texlive/2018/texmf-dist/tex/latex/graphics-def/xetex.def
File: xetex.def 2017/06/24 v5.0h Graphics/color driver for xetex
))
\Gin@req@height=\dimen138
\Gin@req@width=\dimen139
)
\xl@everylogo=\toks15
\xl@@everylogo=\toks16
LaTeX Info: Redefining \TeX on input line 193.
LaTeX Info: Redefining \LaTeX on input line 202.
LaTeX Info: Redefining \LaTeXe on input line 219.
)
\l__xetex_show_hyphens_wrapping_box=\box41
\l__xetex_show_hyphens_temp_box=\box42
\l__xetex_show_hyphens_final_box=\box43
\g__xetex_show_hyphens_word_box=\box44
)
\g__fontspec_family_TimesNewRoman_int=\count180
.................................................
. fontspec info: "defining-font"
. 
. Font family 'TimesNewRoman(0)' created for font 'Times New Roman' with
. options [Ligatures=TeX,Mapping=tex-text].
.  
.  This font family consists of the following NFSS series/shapes:
.  
. - 'normal' (m/n) with NFSS spec.: <->"Times New
. Roman/OT:script=latn;language=DFLT;mapping=tex-text;"
. - 'small caps'  (m/sc) with NFSS spec.: <->"Times New
. Roman/OT:script=latn;language=DFLT;+smcp;mapping=tex-text;"
. - 'bold' (bx/n) with NFSS spec.: <->"Times New
. Roman/B/OT:script=latn;language=DFLT;mapping=tex-text;"
. - 'bold small caps'  (bx/sc) with NFSS spec.: <->"Times New
. Roman/B/OT:script=latn;language=DFLT;+smcp;mapping=tex-text;"
. - 'italic' (m/it) with NFSS spec.: <->"Times New
. Roman/I/OT:script=latn;language=DFLT;mapping=tex-text;"
. - 'italic small caps'  (m/itsc) with NFSS spec.: <->"Times New
. Roman/I/OT:script=latn;language=DFLT;+smcp;mapping=tex-text;"
. - 'bold italic' (bx/it) with NFSS spec.: <->"Times New
. Roman/BI/OT:script=latn;language=DFLT;mapping=tex-text;"
. - 'bold italic small caps'  (bx/itsc) with NFSS spec.: <->"Times New
. Roman/BI/OT:script=latn;language=DFLT;+smcp;mapping=tex-text;"
.................................................
LaTeX Info: Redefining \rmfamily on input line 9.

(c:/texlive/2018/texmf-dist/tex/latex/tools/calc.sty
Package: calc 2017/05/25 v4.3 Infix arithmetic (KKT,FJ)
\calc@Acount=\count181
\calc@Bcount=\count182
\calc@Adimen=\dimen140
\calc@Bdimen=\dimen141
\calc@Askip=\skip49
\calc@Bskip=\skip50
LaTeX Info: Redefining \setlength on input line 80.
LaTeX Info: Redefining \addtolength on input line 81.
\calc@Ccount=\count183
\calc@Cskip=\skip51
)
(c:/texlive/2018/texmf-dist/tex/latex/url/url.sty
\Urlmuskip=\muskip16
Package: url 2013/09/16  ver 3.4  Verb mode for urls, etc.
)
(c:/texlive/2018/texmf-dist/tex/latex/endnotes/endnotes.sty
\c@endnote=\count184
\endnotesep=\dimen142
\@enotes=\write3
)
(c:/texlive/2018/texmf-dist/tex/latex/amsmath/amsmath.sty
Package: amsmath 2017/09/02 v2.17a AMS math features
\@mathmargin=\skip52

For additional information on amsmath, use the `?' option.
(c:/texlive/2018/texmf-dist/tex/latex/amsmath/amstext.sty
Package: amstext 2000/06/29 v2.01 AMS text

(c:/texlive/2018/texmf-dist/tex/latex/amsmath/amsgen.sty
File: amsgen.sty 1999/11/30 v2.0 generic functions
\@emptytoks=\toks17
\ex@=\dimen143
))
(c:/texlive/2018/texmf-dist/tex/latex/amsmath/amsbsy.sty
Package: amsbsy 1999/11/29 v1.2d Bold Symbols
\pmbraise@=\dimen144
)
(c:/texlive/2018/texmf-dist/tex/latex/amsmath/amsopn.sty
Package: amsopn 2016/03/08 v2.02 operator names
)
\inf@bad=\count185
LaTeX Info: Redefining \frac on input line 213.
\uproot@=\count186
\leftroot@=\count187
LaTeX Info: Redefining \overline on input line 375.
\classnum@=\count188
\DOTSCASE@=\count189
LaTeX Info: Redefining \ldots on input line 472.
LaTeX Info: Redefining \dots on input line 475.
LaTeX Info: Redefining \cdots on input line 596.
\Mathstrutbox@=\box45
\strutbox@=\box46
\big@size=\dimen145
LaTeX Font Info:    Redeclaring font encoding OML on input line 712.
LaTeX Font Info:    Redeclaring font encoding OMS on input line 713.
\macc@depth=\count190
\c@MaxMatrixCols=\count191
\dotsspace@=\muskip17
\c@parentequation=\count192
\dspbrk@lvl=\count193
\tag@help=\toks18
\row@=\count194
\column@=\count195
\maxfields@=\count196
\andhelp@=\toks19
\eqnshift@=\dimen146
\alignsep@=\dimen147
\tagshift@=\dimen148
\tagwidth@=\dimen149
\totwidth@=\dimen150
\lineht@=\dimen151
\@envbody=\toks20
\multlinegap=\skip53
\multlinetaggap=\skip54
\mathdisplay@stack=\toks21
LaTeX Info: Redefining \[ on input line 2817.
LaTeX Info: Redefining \] on input line 2818.
)
(c:/texlive/2018/texmf-dist/tex/latex/graphics/color.sty
Package: color 2016/07/10 v1.1e Standard LaTeX Color (DPC)

(c:/texlive/2018/texmf-dist/tex/latex/graphics-cfg/color.cfg
File: color.cfg 2016/01/02 v1.6 sample color configuration
)
Package color Info: Driver file: xetex.def on input line 147.
)
(c:/texlive/2018/texmf-dist/tex/latex/colortbl/colortbl.sty
Package: colortbl 2012/02/13 v1.0a Color table columns (DPC)

(c:/texlive/2018/texmf-dist/tex/latex/tools/array.sty
Package: array 2018/04/07 v2.4g Tabular extension package (FMi)
\col@sep=\dimen152
\ar@mcellbox=\box47
\extrarowheight=\dimen153
\NC@list=\toks22
\extratabsurround=\skip55
\backup@length=\skip56
\ar@cellbox=\box48
)
\everycr=\toks23
\minrowclearance=\skip57
)
(c:/texlive/2018/texmf-dist/tex/latex/caption/caption.sty
Package: caption 2016/02/21 v3.3-144 Customizing captions (AR)

(c:/texlive/2018/texmf-dist/tex/latex/caption/caption3.sty
Package: caption3 2016/05/22 v1.7-166 caption3 kernel (AR)
Package caption3 Info: TeX engine: e-TeX on input line 67.
\captionmargin=\dimen154
\captionmargin@=\dimen155
\captionwidth=\dimen156
\caption@tempdima=\dimen157
\caption@indent=\dimen158
\caption@parindent=\dimen159
\caption@hangindent=\dimen160
)
\c@ContinuedFloat=\count197
)
(c:/texlive/2018/texmf-dist/tex/latex/textcase/textcase.sty
Package: textcase 2004/10/07 v0.07 Text only upper/lower case changing (DPC)
)
(c:/texlive/2018/texmf-dist/tex/latex/titlesec/titlesec.sty
Package: titlesec 2016/03/21 v2.10.2 Sectioning titles
\ttl@box=\box49
\beforetitleunit=\skip58
\aftertitleunit=\skip59
\ttl@plus=\dimen161
\ttl@minus=\dimen162
\ttl@toksa=\toks24
\titlewidth=\dimen163
\titlewidthlast=\dimen164
\titlewidthfirst=\dimen165
)
(c:/texlive/2018/texmf-dist/tex/latex/titlesec/block.tss
File: block.tss 2016/03/15
))
(c:/texlive/2018/texmf-dist/tex/latex/oberdiek/epstopdf.sty
Package: epstopdf 2016/05/15 v2.6 Conversion with epstopdf on the fly (HO)

(c:/texlive/2018/texmf-dist/tex/latex/oberdiek/epstopdf-base.sty
Package: epstopdf-base 2016/05/15 v2.6 Base part for package epstopdf

(c:/texlive/2018/texmf-dist/tex/generic/oberdiek/infwarerr.sty
Package: infwarerr 2016/05/16 v1.4 Providing info/warning/error messages (HO)
)
(c:/texlive/2018/texmf-dist/tex/latex/oberdiek/grfext.sty
Package: grfext 2016/05/16 v1.2 Manage graphics extensions (HO)

(c:/texlive/2018/texmf-dist/tex/generic/oberdiek/kvdefinekeys.sty
Package: kvdefinekeys 2016/05/16 v1.4 Define keys (HO)

(c:/texlive/2018/texmf-dist/tex/generic/oberdiek/ltxcmds.sty
Package: ltxcmds 2016/05/16 v1.23 LaTeX kernel commands for general use (HO)
)))
(c:/texlive/2018/texmf-dist/tex/latex/oberdiek/kvoptions.sty
Package: kvoptions 2016/05/16 v3.12 Key value format for package options (HO)

(c:/texlive/2018/texmf-dist/tex/generic/oberdiek/kvsetkeys.sty
Package: kvsetkeys 2016/05/16 v1.17 Key value parser (HO)

(c:/texlive/2018/texmf-dist/tex/generic/oberdiek/etexcmds.sty
Package: etexcmds 2016/05/16 v1.6 Avoid name clashes with e-TeX commands (HO)
Package etexcmds Info: Could not find \expanded.
(etexcmds)             That can mean that you are not using pdfTeX 1.50 or
(etexcmds)             that some package has redefined \expanded.
(etexcmds)             In the latter case, load this package earlier.
)))
(c:/texlive/2018/texmf-dist/tex/generic/oberdiek/pdftexcmds.sty
Package: pdftexcmds 2018/01/30 v0.27 Utility functions of pdfTeX for LuaTeX (HO
)

(c:/texlive/2018/texmf-dist/tex/generic/oberdiek/ifpdf.sty
Package: ifpdf 2017/03/15 v3.2 Provides the ifpdf switch
)
Package pdftexcmds Info: LuaTeX not detected.
Package pdftexcmds Info: pdfTeX >= 1.30 not detected.
Package pdftexcmds Info: \pdf@primitive is available.
Package pdftexcmds Info: \pdf@ifprimitive is available.
Package pdftexcmds Info: \pdfdraftmode not found.
)

Package epstopdf Warning: Drivers other than `pdftex' and `luatex' are not supp
orted.

)) (c:/texlive/2018/texmf-dist/tex/latex/adjustbox/adjustbox.sty
Package: adjustbox 2018/04/08 v1.1 Adjusting TeX boxes (trim, clip, ...)

(c:/texlive/2018/texmf-dist/tex/latex/xkeyval/xkeyval.sty
Package: xkeyval 2014/12/03 v2.7a package option processing (HA)

(c:/texlive/2018/texmf-dist/tex/generic/xkeyval/xkeyval.tex
(c:/texlive/2018/texmf-dist/tex/generic/xkeyval/xkvutils.tex
\XKV@toks=\toks25
\XKV@tempa@toks=\toks26
)
\XKV@depth=\count198
File: xkeyval.tex 2014/12/03 v2.7a key=value parser (HA)
))
(c:/texlive/2018/texmf-dist/tex/latex/adjustbox/adjcalc.sty
Package: adjcalc 2012/05/16 v1.1 Provides advanced setlength with multiple back
-ends (calc, etex, pgfmath)
)
(c:/texlive/2018/texmf-dist/tex/latex/adjustbox/trimclip.sty
Package: trimclip 2018/04/08 v1.1 Trim and clip general TeX material

(c:/texlive/2018/texmf-dist/tex/latex/collectbox/collectbox.sty
Package: collectbox 2012/05/17 v0.4b Collect macro arguments as boxes
\collectedbox=\box50
)
\tc@llx=\dimen166
\tc@lly=\dimen167
\tc@urx=\dimen168
\tc@ury=\dimen169
Package trimclip Info: Using driver 'tc-xetex.def'.

(c:/texlive/2018/texmf-dist/tex/latex/adjustbox/tc-xetex.def
File: tc-xetex.def 2018/04/08 v2.1 Clipping driver for xetex
))
\adjbox@Width=\dimen170
\adjbox@Height=\dimen171
\adjbox@Depth=\dimen172
\adjbox@Totalheight=\dimen173
\adjbox@pwidth=\dimen174
\adjbox@pheight=\dimen175
\adjbox@pdepth=\dimen176
\adjbox@ptotalheight=\dimen177

(c:/texlive/2018/texmf-dist/tex/latex/ifoddpage/ifoddpage.sty
Package: ifoddpage 2016/04/23 v1.1 Conditionals for odd/even page detection
\c@checkoddpage=\count199
)
(c:/texlive/2018/texmf-dist/tex/latex/varwidth/varwidth.sty
Package: varwidth 2009/03/30 ver 0.92;  Variable-width minipages
\@vwid@box=\box51
\sift@deathcycles=\count266
\@vwid@loff=\dimen178
\@vwid@roff=\dimen179
))
(c:/texlive/2018/texmf-dist/tex/latex/float/float.sty
Package: float 2001/11/08 v1.3d Float enhancements (AL)
\c@float@type=\count267
\float@exts=\toks27
\float@box=\box52
\@float@everytoks=\toks28
\@floatcapt=\box53
)
(c:/texlive/2018/texmf-dist/tex/latex/placeins/placeins.sty
Package: placeins 2005/04/18  v 2.2
)
(c:/texlive/2018/texmf-dist/tex/latex/multirow/multirow.sty
Package: multirow 2016/11/25 v2.2 Span multiple rows of a table
\multirow@colwidth=\skip60
\multirow@cntb=\count268
\multirow@dima=\skip61
\bigstrutjot=\dimen180
)
(c:/texlive/2018/texmf-dist/tex/latex/caption/subcaption.sty
Package: subcaption 2016/05/22 v1.1-161 Sub-captions (AR)
\c@subfigure=\count269
\c@subtable=\count270
)
(c:/texlive/2018/texmf-dist/tex/latex/booktabs/booktabs.sty
Package: booktabs 2016/04/27 v1.618033 publication quality tables
\heavyrulewidth=\dimen181
\lightrulewidth=\dimen182
\cmidrulewidth=\dimen183
\belowrulesep=\dimen184
\belowbottomsep=\dimen185
\aboverulesep=\dimen186
\abovetopsep=\dimen187
\cmidrulesep=\dimen188
\cmidrulekern=\dimen189
\defaultaddspace=\dimen190
\@cmidla=\count271
\@cmidlb=\count272
\@aboverulesep=\dimen191
\@belowrulesep=\dimen192
\@thisruleclass=\count273
\@lastruleclass=\count274
\@thisrulewidth=\dimen193
)
(c:/texlive/2018/texmf-dist/tex/latex/ccicons/ccicons.sty
Package: ccicons 2017/10/30 v1.6 LaTeX support for Creative Commons icons
)
(c:/texlive/2018/texmf-dist/tex/latex/tipa/tipa.sty
Package: tipa 2002/08/08 TIPA version 1.1

(c:/texlive/2018/texmf-dist/tex/latex/base/fontenc.sty
Package: fontenc 2017/04/05 v2.0i Standard LaTeX package

(c:/texlive/2018/texmf-dist/tex/latex/tipa/t3enc.def
File: t3enc.def 2001/12/31 T3 encoding
LaTeX Font Info:    Font shape `TU/TimesNewRoman(0)/m/sl' in size <10.95> not a
vailable
(Font)              Font shape `TU/TimesNewRoman(0)/m/it' tried instead on inpu
t line 316.
)
(c:/texlive/2018/texmf-dist/tex/latex/base/tuenc.def
File: tuenc.def 2017/04/05 v2.0i Standard LaTeX file
LaTeX Font Info:    Redeclaring font encoding TU on input line 82.
)))
(./icphs2023_mongolian_writeup.aux)
\openout1 = `icphs2023_mongolian_writeup.aux'.

LaTeX Font Info:    Checking defaults for OML/cmm/m/it on input line 29.
LaTeX Font Info:    ... okay on input line 29.
LaTeX Font Info:    Checking defaults for T1/cmr/m/n on input line 29.
LaTeX Font Info:    ... okay on input line 29.
LaTeX Font Info:    Checking defaults for OT1/cmr/m/n on input line 29.
LaTeX Font Info:    ... okay on input line 29.
LaTeX Font Info:    Checking defaults for OMS/cmsy/m/n on input line 29.
LaTeX Font Info:    ... okay on input line 29.
LaTeX Font Info:    Checking defaults for TU/lmr/m/n on input line 29.
LaTeX Font Info:    ... okay on input line 29.
LaTeX Font Info:    Checking defaults for OMX/cmex/m/n on input line 29.
LaTeX Font Info:    ... okay on input line 29.
LaTeX Font Info:    Checking defaults for U/cmr/m/n on input line 29.
LaTeX Font Info:    ... okay on input line 29.
LaTeX Font Info:    Checking defaults for T3/cmr/m/n on input line 29.
LaTeX Font Info:    Try loading font information for T3+cmr on input line 29.

(c:/texlive/2018/texmf-dist/tex/latex/tipa/t3cmr.fd
File: t3cmr.fd 2001/12/31 TIPA font definitions
)
LaTeX Font Info:    ... okay on input line 29.
.................................................
. fontspec info: "setup-math"
. 
. Adjusting the maths setup (use [no-math] to avoid this).
.................................................
\symlegacymaths=\mathgroup4
LaTeX Font Info:    Overwriting symbol font `legacymaths' in version `bold'
(Font)                  OT1/cmr/m/n --> OT1/cmr/bx/n on input line 29.
LaTeX Font Info:    Redeclaring math accent \acute on input line 29.
LaTeX Font Info:    Redeclaring math accent \grave on input line 29.
LaTeX Font Info:    Redeclaring math accent \ddot on input line 29.
LaTeX Font Info:    Redeclaring math accent \tilde on input line 29.
LaTeX Font Info:    Redeclaring math accent \bar on input line 29.
LaTeX Font Info:    Redeclaring math accent \breve on input line 29.
LaTeX Font Info:    Redeclaring math accent \check on input line 29.
LaTeX Font Info:    Redeclaring math accent \hat on input line 29.
LaTeX Font Info:    Redeclaring math accent \dot on input line 29.
LaTeX Font Info:    Redeclaring math accent \mathring on input line 29.
LaTeX Font Info:    Redeclaring math symbol \Gamma on input line 29.
LaTeX Font Info:    Redeclaring math symbol \Delta on input line 29.
LaTeX Font Info:    Redeclaring math symbol \Theta on input line 29.
LaTeX Font Info:    Redeclaring math symbol \Lambda on input line 29.
LaTeX Font Info:    Redeclaring math symbol \Xi on input line 29.
LaTeX Font Info:    Redeclaring math symbol \Pi on input line 29.
LaTeX Font Info:    Redeclaring math symbol \Sigma on input line 29.
LaTeX Font Info:    Redeclaring math symbol \Upsilon on input line 29.
LaTeX Font Info:    Redeclaring math symbol \Phi on input line 29.
LaTeX Font Info:    Redeclaring math symbol \Psi on input line 29.
LaTeX Font Info:    Redeclaring math symbol \Omega on input line 29.
LaTeX Font Info:    Redeclaring math symbol \mathdollar on input line 29.
LaTeX Font Info:    Redeclaring symbol font `operators' on input line 29.
LaTeX Font Info:    Encoding `OT1' has changed to `TU' for symbol font
(Font)              `operators' in the math version `normal' on input line 29.
LaTeX Font Info:    Overwriting symbol font `operators' in version `normal'
(Font)                  OT1/cmr/m/n --> TU/TimesNewRoman(0)/m/n on input line 2
9.
LaTeX Font Info:    Encoding `OT1' has changed to `TU' for symbol font
(Font)              `operators' in the math version `bold' on input line 29.
LaTeX Font Info:    Overwriting symbol font `operators' in version `bold'
(Font)                  OT1/cmr/bx/n --> TU/TimesNewRoman(0)/m/n on input line 
29.
LaTeX Font Info:    Overwriting symbol font `operators' in version `normal'
(Font)                  TU/TimesNewRoman(0)/m/n --> TU/TimesNewRoman(0)/m/n on 
input line 29.
LaTeX Font Info:    Overwriting math alphabet `\mathit' in version `normal'
(Font)                  OT1/cmr/m/it --> TU/TimesNewRoman(0)/m/it on input line
 29.
LaTeX Font Info:    Overwriting math alphabet `\mathbf' in version `normal'
(Font)                  OT1/cmr/bx/n --> TU/TimesNewRoman(0)/bx/n on input line
 29.
LaTeX Font Info:    Overwriting math alphabet `\mathsf' in version `normal'
(Font)                  OT1/cmss/m/n --> TU/lmss/m/n on input line 29.
LaTeX Font Info:    Overwriting math alphabet `\mathtt' in version `normal'
(Font)                  OT1/cmtt/m/n --> TU/lmtt/m/n on input line 29.
LaTeX Font Info:    Overwriting symbol font `operators' in version `bold'
(Font)                  TU/TimesNewRoman(0)/m/n --> TU/TimesNewRoman(0)/bx/n on
 input line 29.
LaTeX Font Info:    Overwriting math alphabet `\mathit' in version `bold'
(Font)                  OT1/cmr/bx/it --> TU/TimesNewRoman(0)/bx/it on input li
ne 29.
LaTeX Font Info:    Overwriting math alphabet `\mathsf' in version `bold'
(Font)                  OT1/cmss/bx/n --> TU/lmss/bx/n on input line 29.
LaTeX Font Info:    Overwriting math alphabet `\mathtt' in version `bold'
(Font)                  OT1/cmtt/m/n --> TU/lmtt/bx/n on input line 29.
Package caption Info: Begin \AtBeginDocument code.
Package caption Info: float package is loaded.
Package caption Info: End \AtBeginDocument code.

Underfull \hbox (badness 7047) in paragraph at lines 34--36
\TU/TimesNewRoman(0)/m/n/10.95 words share the features [ATR] and [round],
 []


Underfull \hbox (badness 10000) in paragraph at lines 34--36
\TU/TimesNewRoman(0)/m/n/10.95 harmony operating in the carryover (left-to-
 []


Underfull \hbox (badness 1484) in paragraph at lines 34--36
\TU/TimesNewRoman(0)/m/n/10.95 right) direction. The high-front vowel /i/ does
 []


Underfull \hbox (badness 1902) in paragraph at lines 34--36
\TU/TimesNewRoman(0)/m/n/10.95 understood to emerge (i) when listeners fail to
 []


Underfull \hbox (badness 7704) in paragraph at lines 34--36
\TU/TimesNewRoman(0)/m/n/10.95 perceptually compensate for acoustic variation
 []


Underfull \hbox (badness 7685) in paragraph at lines 34--36
\TU/TimesNewRoman(0)/m/n/10.95 due to coarticulation, and (ii) for perceptual
 []


Underfull \hbox (badness 10000) in paragraph at lines 34--36
\TU/TimesNewRoman(0)/m/n/10.95 advantage in perceptually ”weak” contrasts.
 []


Underfull \hbox (badness 2277) in paragraph at lines 34--36
\TU/TimesNewRoman(0)/m/n/10.95 Towards understanding the relationship between
 []


Underfull \hbox (badness 2469) in paragraph at lines 34--36
\TU/TimesNewRoman(0)/m/n/10.95 sequences, non-harmonic sequences demonstrate
 []


Underfull \hbox (badness 3439) in paragraph at lines 34--36
\TU/TimesNewRoman(0)/m/n/10.95 synchronic patterns of coarticulatory propensity

 []


Underfull \hbox (badness 5105) in paragraph at lines 34--36
\TU/TimesNewRoman(0)/m/n/10.95 serve to limit feature-sharing in non-harmonic
 []


Underfull \hbox (badness 10000) in paragraph at lines 42--43
\TU/TimesNewRoman(0)/m/n/10.95 Vowel harmony is a grammatical feature of
 []


Underfull \hbox (badness 1735) in paragraph at lines 42--43
\TU/TimesNewRoman(0)/m/n/10.95 the word, obligatorily have the same value for
 []


Underfull \hbox (badness 1509) in paragraph at lines 42--43
\TU/TimesNewRoman(0)/m/n/10.95 be left-to-right: \TU/TimesNewRoman(0)/m/it/10.9
5 carryover\TU/TimesNewRoman(0)/m/n/10.95 , where features of a
 []


Underfull \hbox (badness 4108) in paragraph at lines 42--43
\TU/TimesNewRoman(0)/m/n/10.95 preceding vowel affect those of the following
 []


Underfull \hbox (badness 1783) in paragraph at lines 42--43
\TU/TimesNewRoman(0)/m/n/10.95 vowels, or right-to-left: \TU/TimesNewRoman(0)/m
/it/10.95 anticipatory \TU/TimesNewRoman(0)/m/n/10.95 where the
 []


Underfull \hbox (badness 3679) in paragraph at lines 42--43
\TU/TimesNewRoman(0)/m/n/10.95 gestures overlap during connected speech, and
 []


Underfull \hbox (badness 5771) in paragraph at lines 42--43
\TU/TimesNewRoman(0)/m/n/10.95 this kind of \TU/TimesNewRoman(0)/m/it/10.95 coa
rticulation \TU/TimesNewRoman(0)/m/n/10.95 results in acoustic
 []


Underfull \hbox (badness 1264) in paragraph at lines 42--43
\TU/TimesNewRoman(0)/m/n/10.95 categories from such a variable signal, listener
s
 []


Underfull \hbox (badness 4765) in paragraph at lines 42--43
\TU/TimesNewRoman(0)/m/n/10.95 must perceptually compensate for the acoustic
 []


Underfull \hbox (badness 3758) in paragraph at lines 42--43
\TU/TimesNewRoman(0)/m/n/10.95 variation resulting from coarticulation. Given
 []


Underfull \hbox (badness 2035) in paragraph at lines 42--43
\TU/TimesNewRoman(0)/m/n/10.95 processes, vowel harmony has been understood
 []


Underfull \hbox (badness 2717) in paragraph at lines 42--43
\TU/TimesNewRoman(0)/m/n/10.95 to diachronically emerge when listeners fail to
 []


Underfull \hbox (badness 5711) in paragraph at lines 42--43
\TU/TimesNewRoman(0)/m/n/10.95 has developed. Assuming the hypothesis of
 []


Underfull \hbox (badness 2443) in paragraph at lines 42--43
\TU/TimesNewRoman(0)/m/n/10.95 causation, once a psycho-acoustic process such
 []


Underfull \hbox (badness 1442) in paragraph at lines 42--43
\TU/TimesNewRoman(0)/m/n/10.95 as the perceptual persistence of e.g. carryover
 []


Underfull \hbox (badness 1331) in paragraph at lines 42--43
\TU/TimesNewRoman(0)/m/n/10.95 phonological vowel-copying exist (e.g. Telugu;
 []


Underfull \hbox (badness 1701) in paragraph at lines 42--43
\TU/TimesNewRoman(0)/m/n/10.95 [[]]), other harmony systems appear to be in a
 []


Underfull \hbox (badness 1365) in paragraph at lines 42--43
\TU/TimesNewRoman(0)/m/n/10.95 synchronic state of equilibrium, where harmony
 []


Underfull \hbox (badness 4660) in paragraph at lines 42--43
\TU/TimesNewRoman(0)/m/n/10.95 the issue of which specific sequences emerge
 []


Underfull \hbox (badness 6461) in paragraph at lines 42--43
\TU/TimesNewRoman(0)/m/n/10.95 as non-harmonic diachronically, how do such
 []


Underfull \hbox (badness 3128) in paragraph at lines 42--43
\TU/TimesNewRoman(0)/m/n/10.95 sequences persist in synchronic systems, given
 []


Underfull \hbox (badness 2103) in paragraph at lines 42--43
\TU/TimesNewRoman(0)/m/n/10.95 the continued existence of coarticulation in the

 []


Underfull \hbox (badness 2221) in paragraph at lines 42--43
\TU/TimesNewRoman(0)/m/n/10.95 for its perceptual non-compensation? In other
 []


Underfull \hbox (badness 7308) in paragraph at lines 42--43
\TU/TimesNewRoman(0)/m/n/10.95 that initiated harmony, into its grammatically
 []


Underfull \vbox (badness 10000) has occurred while \output is active []

 [1



]
Underfull \hbox (badness 3668) in paragraph at lines 44--45
\TU/TimesNewRoman(0)/m/n/10.95 in harmonic and non-harmonic sequences, and
 []

LaTeX Font Info:    Try loading font information for T3+TimesNewRoman(0) on inp
ut line 55.
LaTeX Font Info:    No file T3TimesNewRoman(0).fd. on input line 55.

LaTeX Font Warning: Font shape `T3/TimesNewRoman(0)/m/n' undefined
(Font)              using `T3/cmr/m/n' instead on input line 55.


Underfull \hbox (badness 7907) in paragraph at lines 80--81
\TU/TimesNewRoman(0)/m/n/10.95 We focus on ATR harmony, whose acoustic
 []


Underfull \hbox (badness 10000) in paragraph at lines 80--81
\TU/TimesNewRoman(0)/m/n/10.95 correlates are the first and second formant
 []


Underfull \hbox (badness 10000) in paragraph at lines 80--81
\TU/TimesNewRoman(0)/m/n/10.95 frequencies (F1 and F2), and operationalize
 []


Underfull \hbox (badness 1852) in paragraph at lines 82--83
[]\TU/TimesNewRoman(0)/m/n/10.95 We ask whether the extent and directionality
 []


Underfull \hbox (badness 6032) in paragraph at lines 82--83
\TU/TimesNewRoman(0)/m/n/10.95 of coarticulation differ between harmonic and
 []


Underfull \hbox (badness 1215) in paragraph at lines 82--83
\TU/TimesNewRoman(0)/m/n/10.95 non-harmonic VCV sequences. We expect that
 []


Underfull \hbox (badness 3291) in paragraph at lines 82--83
\TU/TimesNewRoman(0)/m/n/10.95 certain domains, such sequences will differ in
 []


Underfull \hbox (badness 1681) in paragraph at lines 82--83
\TU/TimesNewRoman(0)/m/n/10.95 coarticulatory patterns, compared to domains in
 []


Underfull \hbox (badness 1163) in paragraph at lines 87--88
\TU/TimesNewRoman(0)/m/n/10.95 repetitions of 59 target words, in the frame [pi

 []


Underfull \hbox (badness 1484) in paragraph at lines 87--88
\TU/TimesNewRoman(0)/m/n/10.95 X gesen] “I said X” (critical items: 59$\OMS/cms
y/m/n/10.95 ^^B$\TU/TimesNewRoman(0)/m/n/10.95 14$\OMS/cmsy/m/n/10.95 ^^B$\TU/T
imesNewRoman(0)/m/n/10.95 4
 []


Underfull \hbox (badness 1184) in paragraph at lines 87--88
\TU/TimesNewRoman(0)/m/n/10.95 = 3304). Targets were disyllabic words of the
 []


Underfull \hbox (badness 4543) in paragraph at lines 90--91
\TU/TimesNewRoman(0)/m/n/10.95 A subset of recordings was used to train an
 []


Underfull \hbox (badness 1527) in paragraph at lines 90--91
\TU/TimesNewRoman(0)/m/n/10.95 mixed effects models to examine how well the
 []


Underfull \hbox (badness 1072) in paragraph at lines 94--95
\TU/TimesNewRoman(0)/m/n/10.95 the following patterns: for harmonic sequences,
 []

File: images/har_v1.png Graphic file (type bmp)
<images/har_v1.png>

Overfull \hbox (8.6687pt too wide) in paragraph at lines 100--101
 [][] 
 []

File: images/har_v2.png Graphic file (type bmp)
<images/har_v2.png>

Overfull \hbox (8.6687pt too wide) in paragraph at lines 105--106
 [][] 
 []

File: images/nh_v1.png Graphic file (type bmp)
<images/nh_v1.png>

Overfull \hbox (8.6687pt too wide) in paragraph at lines 110--111
 [][] 
 []

File: images/nh_v2.png Graphic file (type bmp)
<images/nh_v2.png>

Overfull \hbox (8.6687pt too wide) in paragraph at lines 115--116
 [][] 
 []


Underfull \hbox (badness 10000) in paragraph at lines 98--118
[][] []
 []

[2]
Underfull \hbox (badness 1655) in paragraph at lines 125--126
\TU/TimesNewRoman(0)/m/n/10.95 effect sizes of the explanatory variable in each

 []

\openout3 = `icphs2023_mongolian_writeup.ent'.


Underfull \hbox (badness 1194) in paragraph at lines 148--149
\TU/TimesNewRoman(0)/m/n/10.95 Table 3[] summarizes the final model and output
 []


Underfull \hbox (badness 2253) in paragraph at lines 148--149
\TU/TimesNewRoman(0)/m/n/10.95 primarily carryover (left-to-right). Anticipator
y
 []


Underfull \hbox (badness 1484) in paragraph at lines 148--149
\TU/TimesNewRoman(0)/m/n/10.95 coarticulation is not statistically significant.
 In
 []


Underfull \hbox (badness 4024) in paragraph at lines 148--149
\TU/TimesNewRoman(0)/m/n/10.95 contrast, non-harmonic sequences show greater
 []


Underfull \hbox (badness 10000) in paragraph at lines 148--149
\TU/TimesNewRoman(0)/m/n/10.95 coarticulation in the anticipatory (right-to-lef
t)
 []


Underfull \vbox (badness 10000) has occurred while \output is active []


Overfull \hbox (4.54695pt too wide) in paragraph at lines 172--173
[][] 
 []


Underfull \hbox (badness 1838) in paragraph at lines 179--180
\TU/TimesNewRoman(0)/m/n/10.95 non-harmonic sequences in Khalkha Mongolian.
 []


Underfull \hbox (badness 10000) in paragraph at lines 179--180
\TU/TimesNewRoman(0)/m/n/10.95 Specifically, while harmonic sequences show
 []


Underfull \hbox (badness 1769) in paragraph at lines 179--180
\TU/TimesNewRoman(0)/m/n/10.95 greater coarticulation in the carryover directio
n,
 []


Underfull \hbox (badness 6316) in paragraph at lines 179--180
\TU/TimesNewRoman(0)/m/n/10.95 sequences counteracts the overall tendency of
 []


Underfull \hbox (badness 2707) in paragraph at lines 179--180
\TU/TimesNewRoman(0)/m/n/10.95 the system to privilege carryover coarticulation

 []


Underfull \hbox (badness 1668) in paragraph at lines 179--180
\TU/TimesNewRoman(0)/m/n/10.95 development of harmony in grammatically non-
 []


Underfull \hbox (badness 2253) in paragraph at lines 181--182
[]\TU/TimesNewRoman(0)/m/n/10.95 Recall that in Khalkha Mongolian, only one
 []


Underfull \hbox (badness 3098) in paragraph at lines 181--182
\TU/TimesNewRoman(0)/m/n/10.95 patterns observed in non-harmonic sequences—
 []


Underfull \hbox (badness 6559) in paragraph at lines 181--182
\TU/TimesNewRoman(0)/m/n/10.95 greater anticipatory coarticulation compared to
 []


Underfull \hbox (badness 2042) in paragraph at lines 181--182
\TU/TimesNewRoman(0)/m/n/10.95 carryover coarticulation— suggests that \T3/Time
sNewRoman(0)/m/n/10.95 /i/ \TU/TimesNewRoman(0)/m/n/10.95 has
 []


Underfull \hbox (badness 1783) in paragraph at lines 181--182
\TU/TimesNewRoman(0)/m/n/10.95 a greater proclivity for perturbing the acoustic
s
 []


Underfull \hbox (badness 4556) in paragraph at lines 181--182
\TU/TimesNewRoman(0)/m/n/10.95 This suggests that \T3/TimesNewRoman(0)/m/n/10.9
5 /i/ \TU/TimesNewRoman(0)/m/n/10.95 has high coarticulatory
 []


Underfull \hbox (badness 1122) in paragraph at lines 181--182
\TU/TimesNewRoman(0)/m/n/10.95 resistance. The segment is articualtorily stable
,
 []


Underfull \hbox (badness 4621) in paragraph at lines 181--182
\TU/TimesNewRoman(0)/m/n/10.95 in other segments. Assuming that this is a
 []


Underfull \hbox (badness 7168) in paragraph at lines 181--182
\TU/TimesNewRoman(0)/m/n/10.95 intrinsic to the vowel disfavors coarticulatory
 []


Underfull \hbox (badness 2418) in paragraph at lines 181--182
\TU/TimesNewRoman(0)/m/n/10.95 influence. Thus, VCV sequences with \T3/TimesNew
Roman(0)/m/n/10.95 /i/ \TU/TimesNewRoman(0)/m/n/10.95 in
 []


Underfull \hbox (badness 6927) in paragraph at lines 181--182
\TU/TimesNewRoman(0)/m/n/10.95 the V2 position are well-suited to resist the
 []


Underfull \hbox (badness 1132) in paragraph at lines 181--182
\TU/TimesNewRoman(0)/m/n/10.95 maintain non-harmony. There are two ways to
 []


Underfull \hbox (badness 3514) in paragraph at lines 181--182
\TU/TimesNewRoman(0)/m/n/10.95 high coatticulatory resistance to prsist as non-

 []


Underfull \hbox (badness 1117) in paragraph at lines 181--182
\TU/TimesNewRoman(0)/m/n/10.95 harmoni. Data from more languages and other
 []

[3] (./icphs2023_mongolian_writeup.bbl
Underfull \hbox (badness 1521) in paragraph at lines 25--28
[]\TU/TimesNewRoman(0)/m/n/10 J. J. Ohala, “Towards a universal, phonetically-
 []


Underfull \hbox (badness 10000) in paragraph at lines 25--28
\TU/TimesNewRoman(0)/m/n/10 based, theory of vowel harmony,” in \TU/TimesNewRom
an(0)/m/it/10 Third
 []


Underfull \hbox (badness 10000) in paragraph at lines 25--28
\TU/TimesNewRoman(0)/m/it/10 International Conference on Spoken Language
 []


Underfull \hbox (badness 10000) in paragraph at lines 30--34
\TU/TimesNewRoman(0)/m/n/10 “Language-specific patterns of vowel-to-vowel
 []


Underfull \hbox (badness 10000) in paragraph at lines 30--34
\TU/TimesNewRoman(0)/m/n/10 coarticulation: Acoustic structures and their
 []


Underfull \hbox (badness 1286) in paragraph at lines 37--43
\TU/TimesNewRoman(0)/m/n/10 Phonology, Ithaca, NY, 2016. [Online].
 []


Underfull \hbox (badness 1158) in paragraph at lines 37--43
\TU/TimesNewRoman(0)/m/n/10 Available: $[][][][] [] [] [] [][][][][][][] [] [][
][] [] [][][][][][][][][] [] [][][][] []
 []


Underfull \hbox (badness 3386) in paragraph at lines 50--53
\TU/TimesNewRoman(0)/m/n/10 and M. Sonderegger, “Montreal forced aligner:
 []


Underfull \hbox (badness 2012) in paragraph at lines 50--53
\TU/TimesNewRoman(0)/m/n/10 Trainable text-speech alignment using kaldi.” in
 []


Underfull \vbox (badness 2922) has occurred while \output is active []

)
(./icphs2023_mongolian_writeup.ent) [4] (./icphs2023_mongolian_writeup.aux)

LaTeX Font Warning: Some font shapes were not available, defaults substituted.

 )
(\end occurred when \ifx on line 161 was incomplete) 
Here is how much of TeX's memory you used:
 15746 strings out of 492970
 322871 string characters out of 6137297
 417558 words of memory out of 5000000
 19543 multiletter control sequences out of 15000+600000
 535227 words of font info for 60 fonts, out of 8000000 for 9000
 1348 hyphenation exceptions out of 8191
 53i,14n,77p,10545b,606s stack positions out of 5000i,500n,10000p,200000b,80000s

Output written on icphs2023_mongolian_writeup.pdf (4 pages).
